Build started 08.10.2018 13:19:59.
     1>Project "D:\Student\30442\Dornea Mihai\Lab2\Lab2\Lab2.vcxproj" on node 2 (Build target(s)).
     1>Link:
         C:\Program Files (x86)\Microsoft Visual Studio 12.0\VC\bin\link.exe /ERRORREPORT:PROMPT /OUT:"D:\Student\30442\Dornea Mihai\Lab2\Debug\Lab2.exe" /INCREMENTAL /NOLOGO Hw.lib kernel32.lib user32.lib gdi32.lib winspool.lib comdlg32.lib advapi32.lib shell32.lib ole32.lib oleaut32.lib uuid.lib odbc32.lib odbccp32.lib /MANIFEST /MANIFESTUAC:"level='asInvoker' uiAccess='false'" /manifest:embed /DEBUG /PDB:"D:\Student\30442\Dornea Mihai\Lab2\Debug\Lab2.pdb" /SUBSYSTEM:CONSOLE /TLBID:1 /DYNAMICBASE /NXCOMPAT /IMPLIB:"D:\Student\30442\Dornea Mihai\Lab2\Debug\Lab2.lib" /MACHINE:X86 Debug\Lab2.obj
         Debug\stdafx.obj
     1>Lab2.obj : error LNK2019: unresolved external symbol _HwOpen referenced in function _wmain
     1>Lab2.obj : error LNK2019: unresolved external symbol _HwClose referenced in function _wmain
     1>Lab2.obj : error LNK2019: unresolved external symbol ___inp referenced in function _wmain
     1>Lab2.obj : error LNK2019: unresolved external symbol ___outp referenced in function _wmain
     1>D:\Student\30442\Dornea Mihai\Lab2\Debug\Lab2.exe : fatal error LNK1120: 4 unresolved externals
     1>Done Building Project "D:\Student\30442\Dornea Mihai\Lab2\Lab2\Lab2.vcxproj" (Build target(s)) -- FAILED.

Build FAILED.

Time Elapsed 00:00:00.28
